Configuring bash ...
Renamed existing file /home/njames/.bashrc to /home/njames/.bashrc.bak.160811-001707
Configuring vim ...
Renamed existing file /home/njames/.vimrc to /home/njames/.vimrc.bak.160811-001707
Copying fonts ...
Updating font cache ...
Configuration openbox ...
Renamed existing file /home/njames/.config/openbox to /home/njames/.config/openbox.bak.160811-001728
Configuration tint2 ...
Renamed existing file /home/njames/.config/tint2 to /home/njames/.config/tint2.bak.160811-001728
Configuration dmenu ...
Renamed existing file /home/njames/.config/dmenu to /home/njames/.config/dmenu.bak.160811-001728
Configuration htop ...
Configuration MATE Caja ...
Configuring MATE Terminal ...
Configuring XFCE4-Power-Manager ...
Copy Openbox and Gtk themes ...
mv: cannot move 'Themes-master/Alghattas' to '/home/njames/.themes/Alghattas': Directory not empty
mv: cannot move 'Themes-master/Awakened' to '/home/njames/.themes/Awakened': Directory not empty
mv: cannot move 'Themes-master/Breathe' to '/home/njames/.themes/Breathe': Directory not empty
mv: cannot move 'Themes-master/Breathe Brown' to '/home/njames/.themes/Breathe Brown': Directory not empty
mv: cannot move 'Themes-master/Breathe Deviant' to '/home/njames/.themes/Breathe Deviant': Directory not empty
mv: cannot move 'Themes-master/Breathe Green' to '/home/njames/.themes/Breathe Green': Directory not empty
mv: cannot move 'Themes-master/Breathe Orange' to '/home/njames/.themes/Breathe Orange': Directory not empty
mv: cannot move 'Themes-master/Breathe Pink' to '/home/njames/.themes/Breathe Pink': Directory not empty
mv: cannot move 'Themes-master/Breathe Purple' to '/home/njames/.themes/Breathe Purple': Directory not empty
mv: cannot move 'Themes-master/Breathe Red' to '/home/njames/.themes/Breathe Red': Directory not empty
mv: cannot move 'Themes-master/Brume' to '/home/njames/.themes/Brume': Directory not empty
mv: cannot move 'Themes-master/Bygone' to '/home/njames/.themes/Bygone': Directory not empty
mv: cannot move 'Themes-master/Bygone light' to '/home/njames/.themes/Bygone light': Directory not empty
mv: cannot move 'Themes-master/Children of the Earth' to '/home/njames/.themes/Children of the Earth': Directory not empty
mv: cannot move 'Themes-master/Defeat' to '/home/njames/.themes/Defeat': Directory not empty
mv: cannot move 'Themes-master/Eidolon' to '/home/njames/.themes/Eidolon': Directory not empty
mv: cannot move 'Themes-master/Elegance' to '/home/njames/.themes/Elegance': Directory not empty
mv: cannot move 'Themes-master/Erthe' to '/home/njames/.themes/Erthe': Directory not empty
mv: cannot move 'Themes-master/Erthe-root' to '/home/njames/.themes/Erthe-root': Directory not empty
mv: cannot move 'Themes-master/Fear' to '/home/njames/.themes/Fear': Directory not empty
mv: cannot move 'Themes-master/Fearless' to '/home/njames/.themes/Fearless': Directory not empty
mv: cannot move 'Themes-master/First Stone' to '/home/njames/.themes/First Stone': Directory not empty
mv: cannot move 'Themes-master/Groove' to '/home/njames/.themes/Groove': Directory not empty
mv: cannot move 'Themes-master/Infinity' to '/home/njames/.themes/Infinity': Directory not empty
mv: cannot move 'Themes-master/Into the Unknown' to '/home/njames/.themes/Into the Unknown': Directory not empty
mv: cannot move 'Themes-master/Laza-mod' to '/home/njames/.themes/Laza-mod': Directory not empty
mv: cannot move 'Themes-master/Mythos' to '/home/njames/.themes/Mythos': Directory not empty
mv: cannot move 'Themes-master/PixelElegance-1.1' to '/home/njames/.themes/PixelElegance-1.1': Directory not empty
mv: cannot move 'Themes-master/Prelude Brown' to '/home/njames/.themes/Prelude Brown': Directory not empty
mv: cannot move 'Themes-master/Salvage' to '/home/njames/.themes/Salvage': Directory not empty
mv: cannot move 'Themes-master/Tranquility' to '/home/njames/.themes/Tranquility': Directory not empty
mv: cannot move 'Themes-master/Umbra' to '/home/njames/.themes/Umbra': Directory not empty
mv: cannot move 'Themes-master/Verve' to '/home/njames/.themes/Verve': Directory not empty
mv: cannot move 'Themes-master/royalty' to '/home/njames/.themes/royalty': Directory not empty
mv: cannot move 'Erthe-njames' to '/home/njames/.themes/Erthe-njames': Directory not empty
export GTK_OVERLAY_SCROLLING=0
Setting wallpaper ...
